<?xml version="1.0" encoding="UTF-8"?>
<!-- Generated by org.testng.reporters.JUnitXMLReporter -->
<testsuite hostname="bg1nb846" name="Default test" tests="8" failures="0" timestamp="5 Nov 2017 09:57:56 GMT" time="5.485" errors="0">
  <testcase name="FileDownloadManager" time="0.16" classname="com.download.fileDownloader.client.FileDownloadManagerTest"/>
  <testcase name="startDownload" time="0.005" classname="com.download.fileDownloader.client.FileDownloadManagerTest"/>
  <testcase name="acceptNewCommand" time="0.159" classname="com.download.fileDownloader.client.FileDownloadManagerTest"/>
  <testcase name="pauseDownload" time="0.005" classname="com.download.fileDownloader.client.FileDownloadManagerTest"/>
  <testcase name="resumeDownload" time="0.002" classname="com.download.fileDownloader.client.FileDownloadManagerTest"/>
  <testcase name="stopDownloadManager" time="1.103" classname="com.download.fileDownloader.client.FileDownloadManagerTest"/>
  <testcase name="initTest" time="3.993" classname="com.download.fileDownloader.client.FileDownloadManagerTest"/>
  <testcase name="validateFileDate" time="0.004" classname="com.download.fileDownloader.client.FileDownloadManagerTest"/>
</testsuite> <!-- Default test -->
